\BOOKMARK [1][-]{section.1}{\376\377\213\304\122\006\230\171\146\040\134\004}{}% 1
\BOOKMARK [1][-]{section.2}{\376\377\230\171\166\356\151\202\217\360\116\016\163\257\130\203}{}% 2
\BOOKMARK [2][-]{subsection.2.1}{\376\377\230\171\166\356\166\356\150\007}{section.2}% 3
\BOOKMARK [2][-]{subsection.2.2}{\376\377\137\000\123\321\116\016\217\320\210\114\163\257\130\203}{section.2}% 4
\BOOKMARK [2][-]{subsection.2.3}{\376\377\150\070\137\303\145\207\116\366}{section.2}% 5
\BOOKMARK [1][-]{section.3}{\376\377\116\343\170\001\165\037\142\020\213\276\213\241\151\202\217\360}{}% 6
\BOOKMARK [2][-]{subsection.3.1}{\376\377\217\320\210\114\145\366\133\371\214\141\136\003\134\100}{section.3}% 7
\BOOKMARK [2][-]{subsection.3.2}{\376\377\133\304\133\130\126\150\116\016\214\003\165\050\176\246\133\232}{section.3}% 8
\BOOKMARK [1][-]{section.4}{\376\377\121\163\225\056\133\236\163\260}{}% 9
\BOOKMARK [2][-]{subsection.4.1}{\376\377\124\004\145\207\116\366\117\356\145\071\121\205\133\271\151\202\211\310}{section.4}% 10
\BOOKMARK [2][-]{subsection.4.2}{\376\377\000E\000n\000v\000i\000r\000o\000n\000m\000e\000n\000t\377\032\163\257\130\203\116\016\117\134\165\050\127\337\173\241\164\006}{section.4}% 11
\BOOKMARK [2][-]{subsection.4.3}{\376\377\000C\000g\000e\000n\000C\000l\000a\000s\000s\000T\000a\000b\000l\000e\377\032\174\173\210\150\116\016\121\150\134\100\116\343\170\001\165\037\142\020}{section.4}% 12
\BOOKMARK [2][-]{subsection.4.4}{\376\377\000C\000g\000e\000n\000N\000o\000d\000e\377\032\174\173\150\007\173\176\060\001\134\136\140\047\116\016\145\271\154\325\136\003\134\100}{section.4}% 13
\BOOKMARK [2][-]{subsection.4.5}{\376\377\121\170\127\213\210\150\217\276\137\017\166\204\116\343\170\001\165\037\142\020}{section.4}% 14
\BOOKMARK [3][-]{subsubsection.4.5.1}{\376\377\215\113\120\074\116\016\123\330\221\317\137\025\165\050}{subsection.4.5}% 15
\BOOKMARK [3][-]{subsubsection.4.5.2}{\376\377\227\131\140\001\116\016\122\250\140\001\145\271\154\325\214\003\165\050}{subsection.4.5}% 16
\BOOKMARK [3][-]{subsubsection.4.5.3}{\376\377\147\141\116\366\060\001\137\252\163\257\116\016\000\040\000c\000a\000s\000e}{subsection.4.5}% 17
\BOOKMARK [3][-]{subsubsection.4.5.4}{\376\377\173\227\147\057\116\016\153\324\217\203\217\320\173\227}{subsection.4.5}% 18
\BOOKMARK [3][-]{subsubsection.4.5.5}{\376\377\000n\000e\000w\000\040\116\016\000\040\000S\000E\000L\000F\000\137\000T\000Y\000P\000E}{subsection.4.5}% 19
\BOOKMARK [1][-]{section.5}{\376\377\155\113\213\325\217\307\172\013\116\016\176\323\147\234}{}% 20
\BOOKMARK [2][-]{subsection.5.1}{\376\377\124\175\116\344\210\114\155\113\213\325\155\101\172\013}{section.5}% 21
\BOOKMARK [2][-]{subsection.5.2}{\376\377\176\310\172\357\217\320\210\114\142\052\126\376}{section.5}% 22
\BOOKMARK [1][-]{section.6}{\376\377\140\073\176\323}{}% 23
